<?xml version="1.0" encoding="UTF-8"?>
<testsuite name="memory.MemoryFinderTest" tests="1" skipped="0" failures="0" errors="0" timestamp="2024-07-13T11:11:45" hostname="DESKTOP-88GLEMN" time="0.374">
  <properties/>
  <testcase name="get()" classname="memory.MemoryFinderTest" time="0.374"/>
  <system-out><![CDATA[memory = Memory{used=19897648, max=536870912}
]]></system-out>
  <system-err><![CDATA[]]></system-err>
</testsuite>
